<?xml version="1.0" encoding="UTF-8"?>
<!-- Generated by org.testng.reporters.JUnitReportReporter -->
<testsuite name="verify.PageTitle" tests="1" time="11.161" ignored="0" failures="0" timestamp="10 Feb 2017 07:10:02 GMT" skipped="0" hostname="DESKTOP-V7SAQ40" errors="0">
  <testcase name="VerifyTitle" time="11.161" classname="verify.PageTitle"/>
</testsuite> <!-- verify.PageTitle -->
