<?xml version="1.0" encoding="UTF-8"?>
<!-- Generated by org.testng.reporters.JUnitReportReporter -->
<testsuite name="verify.DependsOn" tests="3" time="67.341" ignored="0" failures="0" timestamp="20 Feb 2017 09:55:16 GMT" skipped="0" hostname="DESKTOP-V7SAQ40" errors="0">
  <testcase name="page" time="2.017" classname="verify.DependsOn"/>
  <testcase name="page3" time="62.474" classname="verify.DependsOn"/>
  <testcase name="page2" time="2.850" classname="verify.DependsOn"/>
</testsuite> <!-- verify.DependsOn -->
