<?xml version="1.0" encoding="UTF-8"?>
<!-- Generated by org.testng.reporters.JUnitReportReporter -->
<testsuite name="verify.Priority" tests="1" time="10.396" ignored="0" failures="0" timestamp="20 Feb 2017 07:07:07 GMT" skipped="0" hostname="DESKTOP-V7SAQ40" errors="0">
  <testcase name="login" time="10.396" classname="verify.Priority"/>
</testsuite> <!-- verify.Priority -->
